2022-04-17 10:53:52:
Train the sport classfiler completely.
Store in ./model/sport3.pickle.
Accuarcy: 0.75.
Precision: 1.0.
Recall: 0.75.

2022-04-17 10:54:43:
Train the sport classfiler completely.
Store in ./model/sport3.pickle.
Accuarcy: 0.75.
Precision: 1.0.
Recall: 0.75.

2022-04-17 10:58:35:
Train the sport classfiler completely.
Store in ./model/sport3.pickle.
Accuarcy: 0.6666666666666666.
Precision: 1.0.
Recall: 0.6666666666666666.

2022-04-17 10:58:45:
Train the sport classfiler completely.
Store in ./model/sport3.pickle.
Accuarcy: 0.75.
Precision: 0.9.
Recall: 0.8181818181818182.

2022-04-17 11:04:37:
Train the sport classfiler completely.
Store in ./model/sport3.pickle.
Accuarcy: 0.75.
Precision: 0.9.
Recall: 0.8181818181818182.

2022-04-17 11:08:07:
Train the sport classfiler completely.
kernal: sigmoid.
Store in ./model/sport3.pickle.
Accuarcy: 0.8333333333333334.
Precision: 1.0.
Recall: 0.8333333333333334.

2022-04-17 11:08:54:
Train the sport classfiler completely.
kernal: sigmoid.
Store in ./model/sport3.pickle.
Accuarcy: 0.8333333333333334.
Precision: 1.0.
Recall: 0.8333333333333334.

2022-04-17 11:10:40:
Train the sport classfiler completely.
kernal: rbf.
Store in ./model/sport3.pickle.
Accuarcy: 0.75.
Precision: 0.9.
Recall: 0.8181818181818182.

2022-04-17 20:37:45:
Train the sport classfiler completely.
kernal: rbf.
Store in ./model/sport4.pickle.
Accuarcy: 0.8888888888888888.
Precision: 1.0.
Recall: 0.8823529411764706.

2022-04-17 20:38:03:
Train the sport classfiler completely.
kernal: rbf.
Store in ./model/sport4.pickle.
Accuarcy: 0.8888888888888888.
Precision: 1.0.
Recall: 0.8823529411764706.

2022-04-17 21:49:58:
Train the sport classfiler completely.
kernal: rbf.
Store in ./model/sport4.pickle.
Accuarcy: 0.8095238095238095.
Precision: 1.0.
Recall: 0.7777777777777778.

2022-04-17 21:51:58:
Train the sport classfiler completely.
kernal: rbf.
Store in ./model/sport4.pickle.
Accuarcy: 0.8125.
Precision: 1.0.
Recall: 0.7777777777777778.

2022-04-17 21:53:53:
Train the sport classfiler completely.
kernal: rbf.
Store in ./model/sport4.pickle.
Accuarcy: 0.78125.
Precision: 1.0.
Recall: 0.75.

2022-04-17 21:55:40:
Train the sport classfiler completely.
kernal: rbf.
Store in ./model/sport4.pickle.
Accuarcy: 0.75.
Precision: 1.0.
Recall: 0.7142857142857143.

2022-04-18 00:20:06:
Train the sport classfiler completely.
kernal: rbf.
Store in ./model/sport4.pickle.
Accuarcy: 0.78125.
Precision: 1.0.
Recall: 0.7407407407407407.

2022-04-18 00:24:33:
Train the sport classfiler completely.
kernal: rbf.
Store in ./model/sport4.pickle.
Accuarcy: 0.7857142857142857.
Precision: 1.0.
Recall: 0.7428571428571429.

2022-04-18 00:27:03:
Train the sport classfiler completely.
kernal: rbf.
Store in ./model/sport4.pickle.
Accuarcy: 0.8095238095238095.
Precision: 0.9615384615384616.
Recall: 0.78125.

2022-04-18 00:28:14:
Train the sport classfiler completely.
kernal: rbf.
Store in ./model/sport4.pickle.
Accuarcy: 0.7619047619047619.
Precision: 1.0.
Recall: 0.7058823529411765.

2022-04-18 00:28:20:
Train the sport classfiler completely.
kernal: rbf.
Store in ./model/sport4.pickle.
Accuarcy: 0.78125.
Precision: 1.0.
Recall: 0.7407407407407407.

2022-04-18 00:28:27:
Train the sport classfiler completely.
kernal: rbf.
Store in ./model/sport4.pickle.
Accuarcy: 0.8095238095238095.
Precision: 0.9615384615384616.
Recall: 0.78125.

2022-04-18 00:28:36:
Train the sport classfiler completely.
kernal: rbf.
Store in ./model/sport4.pickle.
Accuarcy: 0.78125.
Precision: 1.0.
Recall: 0.7407407407407407.

2022-04-18 00:28:46:
Train the sport classfiler completely.
kernal: rbf.
Store in ./model/sport4.pickle.
Accuarcy: 0.78125.
Precision: 1.0.
Recall: 0.7407407407407407.

2022-04-18 00:31:44:
Train the sport classfiler completely.
kernal: rbf.
Store in ./model/sport4.pickle.
Accuarcy: 0.78125.
Precision: 1.0.
Recall: 0.7407407407407407.

2022-04-18 00:48:02:
Train the sport classfiler completely.
kernal: rbf.
Store in ./model/sport4.pickle.
Accuarcy: 0.7714285714285715.
Precision: 0.7272727272727273.
Recall: 0.8888888888888888.

2022-04-18 19:20:11:
Train the sport classfiler completely.
kernal: rbf.
Store in ./model/sport4.pickle.
Accuarcy: 0.8.
Precision: 0.7727272727272727.
Recall: 0.8947368421052632.

2022-04-18 19:21:49:
Train the sport classfiler completely.
kernal: rbf.
Store in ./model/sport4.pickle.
Accuarcy: 0.7714285714285715.
Precision: 1.0.
Recall: 0.7333333333333333.

2022-04-18 19:21:58:
Train the sport classfiler completely.
kernal: rbf.
Store in ./model/sport4.pickle.
Accuarcy: 0.8571428571428571.
Precision: 0.8181818181818182.
Recall: 0.9473684210526315.
